GROUP,PACKAGE,CLASS,INSTRUCTION_MISSED,INSTRUCTION_COVERED,BRANCH_MISSED,BRANCH_COVERED,LINE_MISSED,LINE_COVERED,COMPLEXITY_MISSED,COMPLEXITY_COVERED,METHOD_MISSED,METHOD_COVERED
app,SOFT2412A1,Currency,16,34,0,4,1,9,1,6,1,4
app,SOFT2412A1,App,439,0,39,0,83,0,32,0,8,0
app,SOFT2412A1,ExchangeBook.new Comparator() {...},18,12,0,0,3,2,1,1,1,1
app,SOFT2412A1,DailyRates,57,41,6,4,10,11,4,7,1,5
app,SOFT2412A1,AdminUser,3,0,0,0,1,0,1,0,1,0
app,SOFT2412A1,FileHandler,0,184,0,8,0,41,0,9,0,5
app,SOFT2412A1,NormalUser,3,0,0,0,1,0,1,0,1,0
app,SOFT2412A1,ExchangeBook,53,37,8,4,13,10,8,5,4,3
